> Task :app:checkKotlinGradlePluginConfigurationErrors SKIPPED
> Task :app:preBuild UP-TO-DATE
> Task :app:preDebugBuild UP-TO-DATE
> Task :app:generateDebugBuildConfig UP-TO-DATE
> Task :app:checkDebugAarMetadata UP-TO-DATE
> Task :app:processDebugNavigationResources
> Task :app:compileDebugNavigationResources UP-TO-DATE
> Task :app:generateDebugResValues UP-TO-DATE
> Task :app:processDebugGoogleServices UP-TO-DATE
> Task :app:mapDebugSourceSetPaths
> Task :app:generateDebugResources
> Task :app:packageDebugResources
> Task :app:createDebugCompatibleScreenManifests UP-TO-DATE
> Task :app:extractDeepLinksDebug UP-TO-DATE
> Task :app:processDebugMainManifest UP-TO-DATE
> Task :app:processDebugManifest UP-TO-DATE
> Task :app:processDebugManifestForPackage UP-TO-DATE
> Task :app:parseDebugLocalResources
> Task :app:mergeDebugResources
> Task :app:processDebugResources
> Task :app:kspDebugKotlin

> Task :app:compileDebugKotlin
w: file:///D:/Yedek/basehw/app/src/main/java/com/taytek/basehw/ui/screens/detail/CarDetailScreen.kt:63:66 'constructor(p0: String!): Locale' is deprecated. Deprecated in Java.

BUILD SUCCESSFUL in 13s
19 actionable tasks: 9 executed, 10 up-to-date
